23:05:01 **** Incremental Build of configuration Debug for project 8_uart_rxtx ****
make -j4 all 
arm-none-eabi-gcc "../Src/main.c" -mcpu=cortex-m4 -std=gnu11 -g3 -DDEBUG -DSTM32L4 -DSTM32 -DSTM32L476RGTx -DSTM32L476xx -c -I../Inc -I/home/daniel/Documents/STM32BareaMetalCourse/chip_headers/CMSIS/Include -I/home/daniel/Documents/STM32BareaMetalCourse/chip_headers/CMSIS/Device/ST/STM32L4xx/Include -O0 -ffunction-sections -fdata-sections -Wall -fstack-usage -MMD -MP -MF"Src/main.d" -MT"Src/main.o" --specs=nano.specs -mfpu=fpv4-sp-d16 -mfloat-abi=hard -mthumb -o "Src/main.o"
arm-none-eabi-gcc "../Src/uart.c" -mcpu=cortex-m4 -std=gnu11 -g3 -DDEBUG -DSTM32L4 -DSTM32 -DSTM32L476RGTx -DSTM32L476xx -c -I../Inc -I/home/daniel/Documents/STM32BareaMetalCourse/chip_headers/CMSIS/Include -I/home/daniel/Documents/STM32BareaMetalCourse/chip_headers/CMSIS/Device/ST/STM32L4xx/Include -O0 -ffunction-sections -fdata-sections -Wall -fstack-usage -MMD -MP -MF"Src/uart.d" -MT"Src/uart.o" --specs=nano.specs -mfpu=fpv4-sp-d16 -mfloat-abi=hard -mthumb -o "Src/uart.o"
arm-none-eabi-gcc -o "8_uart_rxtx.elf" @"objects.list"   -mcpu=cortex-m4 -T"/home/daniel/STM32CubeIDE/8_uart_rxtx/STM32L476RGTX_FLASH.ld" --specs=nosys.specs -Wl,-Map="8_uart_rxtx.map" -Wl,--gc-sections -static --specs=nano.specs -mfpu=fpv4-sp-d16 -mfloat-abi=hard -mthumb -Wl,--start-group -lc -lm -Wl,--end-group
Finished building target: 8_uart_rxtx.elf
 
arm-none-eabi-size   8_uart_rxtx.elf 
arm-none-eabi-objdump -h -S  8_uart_rxtx.elf  > "8_uart_rxtx.list"
   text	   data	    bss	    dec	    hex	filename
   1144	      8	   1568	   2720	    aa0	8_uart_rxtx.elf
Finished building: default.size.stdout
Finished building: 8_uart_rxtx.list
 
 
23:05:20 **** Incremental Build of configuration Debug for project 8_uart_rxtx ****
make -j4 all 
arm-none-eabi-size   8_uart_rxtx.elf 
   text	   data	    bss	    dec	    hex	filename
   1144	      8	   1568	   2720	    aa0	8_uart_rxtx.elf
Finished building: default.size.stdout
 
23:05:43 **** Incremental Build of configuration Debug for project 8_uart_rxtx ****
make -j4 all 
arm-none-eabi-size   8_uart_rxtx.elf 
   text	   data	    bss	    dec	    hex	filename
   1144	      8	   1568	   2720	    aa0	8_uart_rxtx.elf
Finished building: default.size.stdout
 
